<?xml version="1.0" encoding="UTF-8"?>
<coverage generated="1599508857884" clover="3.2.0">
  <project timestamp="1599508857884" name="All files">
    <metrics statements="7" coveredstatements="7" conditionals="3" coveredconditionals="2" methods="1" coveredmethods="1" elements="11" coveredelements="10" complexity="0" loc="7" ncloc="7" packages="1" files="1" classes="1"/>
    <file name="dabaojian.js" path="C:\Users\linyu\Documents\app\qxgl\manage\dabaojian.js">
      <metrics statements="7" coveredstatements="7" conditionals="3" coveredconditionals="2" methods="1" coveredmethods="1"/>
      <line num="1" count="1" type="cond" truecount="1" falsecount="0"/>
      <line num="2" count="1" type="cond" truecount="0" falsecount="1"/>
      <line num="3" count="1" type="stmt"/>
      <line num="4" count="1" type="stmt"/>
      <line num="5" count="1" type="stmt"/>
      <line num="6" count="1" type="stmt"/>
      <line num="7" count="1" type="cond" truecount="1" falsecount="0"/>
    </file>
  </project>
</coverage>
